<?xml version="1.0"?><coverage lines-covered="2677" lines-valid="6918" line-rate="0.3869615495808037" branches-covered="0" branches-valid="0" branch-rate="0" complexity="0" version="1.9" timestamp="1767693921"><sources><source>/Users/eaguval/repositories/personal/mdvault</source></sources><packages><package name="crates/core/src/vars" line-rate="0.8491228070175438" branch-rate="0" complexity="0"><classes><class name="datemath" filename="crates/core/src/vars/datemath.rs" line-rate="0.8306451612903226" branch-rate="0" complexity="0"><methods/><lines><line number="102" hits="132"/><line number="103" hits="396"/><line number="106" hits="406"/><line number="107" hits="40"/><line number="108" hits="30"/><line number="110" hits="122"/><line number="116" hits="660"/><line number="118" hits="396"/><line number="119" hits="264"/><line number="120" hits="396"/><line number="122" hits="707"/><line number="123" hits="108"/><line number="124" hits="108"/><line number="125" hits="108"/><line number="127" hits="91"/><line number="130" hits="254"/><line number="132" hits="0"/><line number="136" hits="132"/><line number="137" hits="132"/><line number="138" hits="177"/><line number="139" hits="113"/><line number="140" hits="61"/><line number="141" hits="69"/><line number="142" hits="58"/><line number="143" hits="51"/><line number="144" hits="51"/><line number="145" hits="42"/><line number="148" hits="52"/><line number="149" hits="16"/><line number="152" hits="55"/><line number="153" hits="15"/><line number="155" hits="5"/><line number="161" hits="36"/><line number="162" hits="180"/><line number="163" hits="90"/><line number="164" hits="90"/><line number="165" hits="90"/><line number="167" hits="54"/><line number="168" hits="16"/><line number="171" hits="20"/><line number="174" hits="36"/><line number="175" hits="72"/><line number="176" hits="64"/><line number="177" hits="16"/><line number="179" hits="0"/><line number="180" hits="0"/><line number="186" hits="43"/><line number="187" hits="7"/><line number="191" hits="145"/><line number="192" hits="87"/><line number="193" hits="87"/><line number="195" hits="29"/><line number="197" hits="58"/><line number="198" hits="29"/><line number="199" hits="30"/><line number="200" hits="48"/><line number="201" hits="14"/><line number="202" hits="4"/><line number="203" hits="0"/><line number="204" hits="0"/><line number="207" hits="58"/><line number="208" hits="25"/><line number="209" hits="4"/><line number="212" hits="29"/><line number="215" hits="0"/><line number="218" hits="36"/><line number="219" hits="36"/><line number="220" hits="72"/><line number="221" hits="64"/><line number="222" hits="64"/><line number="223" hits="64"/><line number="224" hits="64"/><line number="225" hits="58"/><line number="226" hits="58"/><line number="227" hits="29"/><line number="232" hits="107"/><line number="233" hits="214"/><line number="234" hits="321"/><line number="235" hits="321"/><line number="237" hits="107"/><line number="239" hits="192"/><line number="240" hits="192"/><line number="243" hits="120"/><line number="244" hits="96"/><line number="247" hits="0"/><line number="248" hits="0"/><line number="251" hits="16"/><line number="252" hits="20"/><line number="255" hits="8"/><line number="256" hits="8"/><line number="258" hits="10"/><line number="259" hits="40"/><line number="260" hits="40"/><line number="263" hits="12"/><line number="264" hits="16"/><line number="265" hits="16"/><line number="268" hits="6"/><line number="269" hits="8"/><line number="270" hits="8"/><line number="272" hits="26"/><line number="274" hits="13"/><line number="275" hits="78"/><line number="276" hits="52"/><line number="277" hits="52"/><line number="283" hits="4"/><line number="284" hits="8"/><line number="285" hits="8"/><line number="289" hits="2"/><line number="290" hits="4"/><line number="291" hits="4"/><line number="294" hits="83"/><line number="295" hits="83"/><line number="296" hits="58"/><line number="297" hits="63"/><line number="298" hits="32"/><line number="299" hits="8"/><line number="300" hits="3"/><line number="301" hits="0"/><line number="302" hits="0"/><line number="304" hits="8"/><line number="305" hits="16"/><line number="310" hits="24"/><line number="311" hits="24"/><line number="312" hits="24"/><line number="313" hits="0"/><line number="314" hits="0"/><line number="315" hits="0"/><line number="316" hits="0"/><line number="317" hits="0"/><line number="319" hits="0"/><line number="320" hits="0"/><line number="323" hits="0"/><line number="324" hits="0"/><line number="327" hits="0"/><line number="328" hits="0"/><line number="329" hits="0"/><line number="334" hits="0"/><line number="335" hits="0"/><line number="336" hits="0"/><line number="337" hits="0"/><line number="339" hits="0"/><line number="340" hits="0"/><line number="341" hits="0"/><line number="342" hits="0"/><line number="345" hits="0"/><line number="346" hits="0"/><line number="347" hits="0"/><line number="348" hits="0"/><line number="350" hits="0"/><line number="352" hits="0"/><line number="356" hits="3"/><line number="357" hits="6"/><line number="358" hits="6"/><line number="359" hits="9"/><line number="361" hits="6"/><line number="362" hits="6"/><line number="363" hits="6"/><line number="366" hits="12"/><line number="367" hits="12"/><line number="369" hits="18"/><line number="372" hits="3"/><line number="373" hits="3"/><line number="374" hits="0"/><line number="375" hits="0"/><line number="377" hits="4"/><line number="378" hits="1"/><line number="380" hits="2"/><line number="383" hits="0"/><line number="387" hits="4"/><line number="392" hits="12"/><line number="394" hits="4"/><line number="397" hits="6"/><line number="398" hits="2"/><line number="399" hits="2"/><line number="400" hits="2"/><line number="401" hits="6"/><line number="402" hits="4"/><line number="406" hits="6"/><line number="407" hits="2"/><line number="408" hits="2"/><line number="409" hits="2"/><line number="410" hits="6"/><line number="411" hits="4"/><line number="416" hits="77"/><line number="417" hits="308"/><line number="418" hits="231"/><line number="421" hits="24"/><line number="422" hits="96"/><line number="423" hits="72"/><line number="426" hits="0"/><line number="427" hits="0"/><line number="428" hits="0"/><line number="431" hits="4"/><line number="432" hits="4"/><line number="435" hits="1"/><line number="437" hits="7"/><line number="438" hits="1"/><line number="439" hits="3"/><line number="442" hits="6"/><line number="446" hits="2"/><line number="447" hits="8"/><line number="448" hits="6"/><line number="452" hits="111"/><line number="454" hits="111"/><line number="455" hits="89"/><line number="457" hits="66"/><line number="459" hits="44"/><line number="460" hits="14"/><line number="461" hits="14"/><line number="462" hits="14"/><line number="463" hits="7"/><line number="464" hits="14"/><line number="465" hits="14"/><line number="466" hits="7"/><line number="467" hits="14"/><line number="468" hits="14"/><line number="472" hits="104"/><line number="474" hits="104"/><line number="475" hits="63"/><line number="477" hits="123"/><line number="479" hits="82"/><line number="480" hits="16"/><line number="481" hits="16"/><line number="482" hits="14"/><line number="483" hits="7"/><line number="484" hits="9"/><line number="485" hits="12"/><line number="486" hits="24"/><line number="494" hits="153"/><line number="495" hits="459"/><line number="496" hits="459"/><line number="500" hits="153"/><line number="501" hits="131"/><line number="502" hits="130"/><line number="503" hits="129"/><line number="504" hits="121"/><line number="505" hits="113"/><line number="507" hits="42"/><line number="511" hits="353"/><line number="512" hits="40"/><line number="513" hits="92"/><line number="515" hits="2"/><line number="517" hits="90"/><line number="521" hits="430"/><line number="525" hits="10"/><line number="526" hits="20"/><line number="527" hits="42"/><line number="529" hits="3"/></lines></class><class name="types" filename="crates/core/src/vars/types.rs" line-rate="0.972972972972973" branch-rate="0" complexity="0"><methods/><lines><line number="41" hits="5"/><line number="42" hits="5"/><line number="43" hits="4"/><line number="44" hits="12"/><line number="50" hits="11"/><line number="51" hits="11"/><line number="52" hits="5"/><line number="53" hits="18"/><line number="63" hits="5"/><line number="64" hits="5"/><line number="65" hits="1"/><line number="66" hits="18"/><line number="72" hits="1"/><line number="73" hits="1"/><line number="74" hits="0"/><line number="75" hits="3"/><line number="105" hits="21"/><line number="126" hits="105"/><line number="127" hits="42"/><line number="128" hits="42"/><line number="130" hits="89"/><line number="131" hits="52"/><line number="132" hits="156"/><line number="133" hits="60"/><line number="137" hits="21"/><line number="147" hits="19"/><line number="151" hits="38"/><line number="152" hits="38"/><line number="155" hits="27"/><line number="156" hits="48"/><line number="157" hits="50"/><line number="158" hits="50"/><line number="163" hits="55"/><line number="164" hits="41"/><line number="165" hits="35"/><line number="166" hits="21"/><line number="170" hits="19"/></lines></class></classes></package><package name="crates/cli/src/tui" line-rate="0" branch-rate="0" complexity="0"><classes><class name="actions" filename="crates/cli/src/tui/actions.rs" line-rate="0" branch-rate="0" complexity="0"><methods/><lines><line number="33" hits="0"/><line number="34" hits="0"/><line number="35" hits="0"/><line number="37" hits="0"/><line number="40" hits="0"/><line number="41" hits="0"/><line number="42" hits="0"/><line number="43" hits="0"/><line number="44" hits="0"/><line number="50" hits="0"/><line number="51" hits="0"/><line number="52" hits="0"/><line number="53" hits="0"/><line number="58" hits="0"/><line number="59" hits="0"/><line number="60" hits="0"/><line number="61" hits="0"/><line number="62" hits="0"/><line number="67" hits="0"/><line number="68" hits="0"/><line number="69" hits="0"/><line number="73" hits="0"/><line number="80" hits="0"/><line number="81" hits="0"/><line number="85" hits="0"/><line number="86" hits="0"/><line number="88" hits="0"/><line number="89" hits="0"/><line number="93" hits="0"/><line number="94" hits="0"/><line number="97" hits="0"/><line number="99" hits="0"/><line number="100" hits="0"/><line number="103" hits="0"/><line number="106" hits="0"/><line number="107" hits="0"/><line number="108" hits="0"/><line number="111" hits="0"/><line number="113" hits="0"/><line number="117" hits="0"/><line number="123" hits="0"/><line number="124" hits="0"/><line number="126" hits="0"/><line number="127" hits="0"/><line number="130" hits="0"/><line number="131" hits="0"/><line number="132" hits="0"/><line number="136" hits="0"/><line number="137" hits="0"/><line number="140" hits="0"/><line number="141" hits="0"/><line number="144" hits="0"/><line number="145" hits="0"/><line number="148" hits="0"/><line number="150" hits="0"/><line number="151" hits="0"/><line number="152" hits="0"/><line number="154" hits="0"/><line number="155" hits="0"/><line number="158" hits="0"/><line number="162" hits="0"/><line number="168" hits="0"/><line number="169" hits="0"/><line number="170" hits="0"/><line number="173" hits="0"/><line number="174" hits="0"/><line number="175" hits="0"/><line number="179" hits="0"/><line number="180" hits="0"/><line number="181" hits="0"/><line number="184" hits="0"/><line number="185" hits="0"/><line number="186" hits="0"/><line number="189" hits="0"/><line number="190" hits="0"/><line number="191" hits="0"/><line number="192" hits="0"/><line number="194" hits="0"/><line number="195" hits="0"/><line number="196" hits="0"/><line number="197" hits="0"/><line number="200" hits="0"/><line number="201" hits="0"/><line number="205" hits="0"/><line number="206" hits="0"/><line number="209" hits="0"/><line number="210" hits="0"/><line number="213" hits="0"/><line number="214" hits="0"/><line number="215" hits="0"/><line number="216" hits="0"/><line number="219" hits="0"/><line number="220" hits="0"/><line number="221" hits="0"/><line number="222" hits="0"/><line number="224" hits="0"/><line number="227" hits="0"/><line number="228" hits="0"/><line number="229" hits="0"/><line number="230" hits="0"/><line number="231" hits="0"/><line number="236" hits="0"/><line number="237" hits="0"/><line number="238" hits="0"/><line number="239" hits="0"/><line number="241" hits="0"/><line number="246" hits="0"/><line number="256" hits="0"/><line number="257" hits="0"/><line number="259" hits="0"/><line number="262" hits="0"/><line number="263" hits="0"/><line number="264" hits="0"/><line number="273" hits="0"/><line number="283" hits="0"/><line number="286" hits="0"/><line number="287" hits="0"/><line number="289" hits="0"/><line number="290" hits="0"/><line number="291" hits="0"/><line number="295" hits="0"/><line number="296" hits="0"/><line number="300" hits="0"/><line number="301" hits="0"/><line number="302" hits="0"/><line number="303" hits="0"/><line number="305" hits="0"/><line number="306" hits="0"/><line number="307" hits="0"/><line number="308" hits="0"/><line number="310" hits="0"/><line number="311" hits="0"/><line number="312" hits="0"/><line number="313" hits="0"/><line number="314" hits="0"/><line number="320" hits="0"/><line number="321" hits="0"/><line number="322" hits="0"/><line number="323" hits="0"/><line number="328" hits="0"/><line number="329" hits="0"/><line number="332" hits="0"/><line number="333" hits="0"/><line number="334" hits="0"/><line number="338" hits="0"/><line number="339" hits="0"/><line number="341" hits="0"/><line number="342" hits="0"/><line number="343" hits="0"/><line number="344" hits="0"/><line number="345" hits="0"/><line number="349" hits="0"/><line number="356" hits="0"/><line number="359" hits="0"/><line number="360" hits="0"/><line number="362" hits="0"/><line number="363" hits="0"/><line number="364" hits="0"/><line number="367" hits="0"/><line number="368" hits="0"/><line number="369" hits="0"/><line number="370" hits="0"/><line number="373" hits="0"/><line number="374" hits="0"/><line number="375" hits="0"/><line number="376" hits="0"/><line number="381" hits="0"/><line number="382" hits="0"/><line number="385" hits="0"/><line number="386" hits="0"/><line number="387" hits="0"/><line number="391" hits="0"/><line number="392" hits="0"/><line number="393" hits="0"/><line number="394" hits="0"/><line number="398" hits="0"/><line number="399" hits="0"/><line number="400" hits="0"/><line number="401" hits="0"/><line number="404" hits="0"/><line number="405" hits="0"/><line number="406" hits="0"/><line number="407" hits="0"/><line number="409" hits="0"/><line number="411" hits="0"/><line number="415" hits="0"/><line number="416" hits="0"/><line number="417" hits="0"/><line number="419" hits="0"/><line number="420" hits="0"/><line number="421" hits="0"/><line number="422" hits="0"/><line number="423" hits="0"/><line number="427" hits="0"/><line number="433" hits="0"/><line number="437" hits="0"/><line number="440" hits="0"/><line number="442" hits="0"/><line number="443" hits="0"/><line number="445" hits="0"/><line number="446" hits="0"/><line number="447" hits="0"/><line number="448" hits="0"/><line number="449" hits="0"/><line number="452" hits="0"/><line number="454" hits="0"/><line number="455" hits="0"/><line number="457" hits="0"/><line number="458" hits="0"/><line number="459" hits="0"/><line number="460" hits="0"/></lines></class><class name="app" filename="crates/cli/src/tui/app.rs" line-rate="0" branch-rate="0" complexity="0"><methods/><lines><line number="23" hits="0"/><line number="24" hits="0"/><line number="25" hits="0"/><line number="26" hits="0"/><line number="27" hits="0"/><line number="140" hits="0"/><line number="146" hits="0"/><line number="147" hits="0"/><line number="149" hits="0"/><line number="150" hits="0"/><line number="151" hits="0"/><line number="152" hits="0"/><line number="162" hits="0"/><line number="163" hits="0"/><line number="164" hits="0"/><line number="171" hits="0"/><line number="172" hits="0"/><line number="176" hits="0"/><line number="177" hits="0"/><line number="179" hits="0"/><line number="180" hits="0"/><line number="181" hits="0"/><line number="185" hits="0"/><line number="186" hits="0"/><line number="187" hits="0"/><line number="190" hits="0"/><line number="191" hits="0"/><line number="193" hits="0"/><line number="194" hits="0"/><line number="195" hits="0"/><line number="196" hits="0"/><line number="197" hits="0"/><line number="198" hits="0"/><line number="200" hits="0"/><line number="201" hits="0"/><line number="203" hits="0"/><line number="204" hits="0"/><line number="206" hits="0"/><line number="207" hits="0"/><line number="209" hits="0"/><line number="210" hits="0"/><line number="211" hits="0"/><line number="212" hits="0"/><line number="213" hits="0"/><line number="214" hits="0"/><line number="215" hits="0"/><line number="217" hits="0"/><line number="218" hits="0"/><line number="224" hits="0"/><line number="227" hits="0"/><line number="228" hits="0"/><line number="229" hits="0"/><line number="232" hits="0"/><line number="233" hits="0"/><line number="234" hits="0"/><line number="235" hits="0"/><line number="236" hits="0"/><line number="238" hits="0"/><line number="239" hits="0"/><line number="240" hits="0"/><line number="242" hits="0"/><line number="244" hits="0"/><line number="245" hits="0"/><line number="246" hits="0"/><line number="247" hits="0"/><line number="249" hits="0"/><line number="251" hits="0"/><line number="252" hits="0"/><line number="253" hits="0"/><line number="254" hits="0"/><line number="256" hits="0"/><line number="257" hits="0"/><line number="265" hits="0"/><line number="266" hits="0"/><line number="267" hits="0"/><line number="270" hits="0"/><line number="271" hits="0"/><line number="272" hits="0"/><line number="274" hits="0"/><line number="275" hits="0"/><line number="276" hits="0"/><line number="277" hits="0"/><line number="278" hits="0"/><line number="280" hits="0"/><line number="283" hits="0"/><line number="284" hits="0"/><line number="286" hits="0"/><line number="288" hits="0"/><line number="291" hits="0"/><line number="292" hits="0"/><line number="293" hits="0"/><line number="297" hits="0"/><line number="299" hits="0"/><line number="300" hits="0"/><line number="301" hits="0"/><line number="302" hits="0"/><line number="303" hits="0"/><line number="305" hits="0"/><line number="308" hits="0"/><line number="309" hits="0"/><line number="311" hits="0"/><line number="313" hits="0"/><line number="316" hits="0"/><line number="317" hits="0"/><line number="318" hits="0"/><line number="322" hits="0"/><line number="324" hits="0"/><line number="325" hits="0"/><line number="326" hits="0"/><line number="328" hits="0"/><line number="329" hits="0"/><line number="330" hits="0"/><line number="332" hits="0"/><line number="333" hits="0"/><line number="335" hits="0"/><line number="336" hits="0"/><line number="337" hits="0"/><line number="339" hits="0"/><line number="342" hits="0"/><line number="343" hits="0"/><line number="345" hits="0"/><line number="347" hits="0"/><line number="350" hits="0"/><line number="351" hits="0"/><line number="352" hits="0"/><line number="360" hits="0"/><line number="363" hits="0"/><line number="364" hits="0"/><line number="366" hits="0"/><line number="367" hits="0"/><line number="368" hits="0"/><line number="371" hits="0"/><line number="372" hits="0"/><line number="376" hits="0"/><line number="377" hits="0"/><line number="378" hits="0"/><line number="382" hits="0"/><line number="383" hits="0"/><line number="384" hits="0"/><line number="385" hits="0"/><line number="386" hits="0"/><line number="387" hits="0"/><line number="391" hits="0"/><line number="395" hits="0"/><line number="396" hits="0"/><line number="397" hits="0"/><line number="400" hits="0"/><line number="401" hits="0"/><line number="403" hits="0"/><line number="404" hits="0"/><line number="406" hits="0"/><line number="408" hits="0"/><line number="409" hits="0"/><line number="410" hits="0"/><line number="412" hits="0"/><line number="413" hits="0"/><line number="414" hits="0"/><line number="420" hits="0"/><line number="421" hits="0"/><line number="423" hits="0"/><line number="424" hits="0"/><line number="427" hits="0"/><line number="428" hits="0"/><line number="429" hits="0"/><line number="431" hits="0"/><line number="433" hits="0"/><line number="434" hits="0"/><line number="436" hits="0"/><line number="437" hits="0"/><line number="438" hits="0"/><line number="439" hits="0"/><line number="440" hits="0"/><line number="442" hits="0"/><line number="444" hits="0"/><line number="445" hits="0"/><line number="447" hits="0"/><line number="449" hits="0"/><line number="452" hits="0"/><line number="455" hits="0"/><line number="456" hits="0"/><line number="458" hits="0"/><line number="459" hits="0"/><line number="460" hits="0"/><line number="465" hits="0"/><line number="470" hits="0"/><line number="473" hits="0"/><line number="474" hits="0"/><line number="476" hits="0"/><line number="477" hits="0"/><line number="480" hits="0"/><line number="483" hits="0"/><line number="485" hits="0"/><line number="486" hits="0"/><line number="487" hits="0"/><line number="488" hits="0"/><line number="489" hits="0"/><line number="491" hits="0"/><line number="492" hits="0"/><line number="494" hits="0"/><line number="497" hits="0"/><line number="498" hits="0"/><line number="499" hits="0"/><line number="502" hits="0"/><line number="505" hits="0"/><line number="507" hits="0"/><line number="511" hits="0"/><line number="516" hits="0"/><line number="519" hits="0"/><line number="520" hits="0"/><line number="522" hits="0"/><line number="523" hits="0"/><line number="525" hits="0"/><line number="528" hits="0"/><line number="529" hits="0"/><line number="531" hits="0"/><line number="532" hits="0"/><line number="533" hits="0"/><line number="534" hits="0"/><line number="536" hits="0"/><line number="539" hits="0"/><line number="540" hits="0"/><line number="541" hits="0"/><line number="542" hits="0"/><line number="547" hits="0"/><line number="550" hits="0"/><line number="554" hits="0"/><line number="555" hits="0"/><line number="556" hits="0"/><line number="558" hits="0"/><line number="559" hits="0"/><line number="560" hits="0"/><line number="564" hits="0"/><line number="565" hits="0"/><line number="569" hits="0"/><line number="571" hits="0"/><line number="572" hits="0"/><line number="573" hits="0"/><line number="574" hits="0"/><line number="575" hits="0"/><line number="577" hits="0"/><line number="580" hits="0"/><line number="581" hits="0"/><line number="582" hits="0"/><line number="583" hits="0"/><line number="587" hits="0"/><line number="592" hits="0"/><line number="596" hits="0"/><line number="597" hits="0"/><line number="598" hits="0"/><line number="601" hits="0"/><line number="602" hits="0"/><line number="603" hits="0"/><line number="604" hits="0"/><line number="606" hits="0"/><line number="607" hits="0"/><line number="610" hits="0"/><line number="611" hits="0"/><line number="612" hits="0"/><line number="613" hits="0"/><line number="614" hits="0"/><line number="616" hits="0"/><line number="617" hits="0"/><line number="619" hits="0"/><line number="620" hits="0"/><line number="623" hits="0"/><line number="624" hits="0"/><line number="628" hits="0"/><line number="629" hits="0"/><line number="630" hits="0"/><line number="633" hits="0"/><line number="634" hits="0"/><line number="635" hits="0"/><line number="636" hits="0"/><line number="638" hits="0"/><line number="639" hits="0"/><line number="641" hits="0"/><line number="642" hits="0"/><line number="645" hits="0"/><line number="649" hits="0"/><line number="650" hits="0"/><line number="651" hits="0"/><line number="654" hits="0"/><line number="655" hits="0"/><line number="656" hits="0"/><line number="657" hits="0"/><line number="659" hits="0"/><line number="660" hits="0"/><line number="662" hits="0"/><line number="663" hits="0"/><line number="666" hits="0"/><line number="670" hits="0"/><line number="671" hits="0"/><line number="672" hits="0"/><line number="673" hits="0"/><line number="674" hits="0"/><line number="676" hits="0"/><line number="679" hits="0"/><line number="684" hits="0"/><line number="685" hits="0"/><line number="686" hits="0"/><line number="687" hits="0"/><line number="688" hits="0"/><line number="689" hits="0"/><line number="690" hits="0"/></lines></class><class name="event" filename="crates/cli/src/tui/event.rs" line-rate="0" branch-rate="0" complexity="0"><methods/><lines><line number="8" hits="0"/><line number="10" hits="0"/><line number="11" hits="0"/><line number="15" hits="0"/><line number="16" hits="0"/><line number="17" hits="0"/><line number="18" hits="0"/><line number="22" hits="0"/><line number="23" hits="0"/><line number="25" hits="0"/><line number="26" hits="0"/><line number="29" hits="0"/><line number="30" hits="0"/><line number="32" hits="0"/><line number="36" hits="0"/><line number="37" hits="0"/><line number="38" hits="0"/><line number="39" hits="0"/><line number="40" hits="0"/><line number="41" hits="0"/><line number="42" hits="0"/><line number="46" hits="0"/><line number="47" hits="0"/><line number="49" hits="0"/><line number="51" hits="0"/></lines></class><class name="mod" filename="crates/cli/src/tui/mod.rs" line-rate="0" branch-rate="0" complexity="0"><methods/><lines><line number="31" hits="0"/><line number="33" hits="0"/><line number="34" hits="0"/><line number="38" hits="0"/><line number="39" hits="0"/><line number="40" hits="0"/><line number="41" hits="0"/><line number="42" hits="0"/><line number="47" hits="0"/><line number="48" hits="0"/><line number="49" hits="0"/><line number="50" hits="0"/><line number="51" hits="0"/><line number="56" hits="0"/><line number="57" hits="0"/><line number="58" hits="0"/><line number="59" hits="0"/><line number="60" hits="0"/><line number="65" hits="0"/><line number="68" hits="0"/><line number="71" hits="0"/><line number="72" hits="0"/><line number="76" hits="0"/><line number="78" hits="0"/><line number="79" hits="0"/><line number="80" hits="0"/><line number="81" hits="0"/><line number="85" hits="0"/><line number="86" hits="0"/><line number="87" hits="0"/><line number="88" hits="0"/><line number="89" hits="0"/><line number="90" hits="0"/><line number="91" hits="0"/><line number="94" hits="0"/><line number="95" hits="0"/><line number="96" hits="0"/><line number="97" hits="0"/><line number="98" hits="0"/><line number="101" hits="0"/><line number="107" hits="0"/><line number="110" hits="0"/><line number="111" hits="0"/><line number="113" hits="0"/><line number="115" hits="0"/><line number="121" hits="0"/><line number="122" hits="0"/></lines></class></classes></package><package name="crates/cli/tests" line-rate="1" branch-rate="0" complexity="0"><classes><class name="capture_frontmatter" filename="crates/cli/tests/capture_frontmatter.rs" line-rate="1" branch-rate="0" complexity="0"><methods/><lines><line number="7" hits="18"/><line number="8" hits="72"/><line number="9" hits="54"/><line number="10" hits="36"/><line number="12" hits="90"/><line number="15" hits="6"/><line number="16" hits="6"/></lines></class><class name="capture_simple" filename="crates/cli/tests/capture_simple.rs" line-rate="1" branch-rate="0" complexity="0"><methods/><lines><line number="7" hits="17"/><line number="8" hits="68"/><line number="9" hits="51"/><line number="10" hits="34"/><line number="12" hits="85"/><line number="15" hits="6"/><line number="16" hits="6"/></lines></class><class name="date_math" filename="crates/cli/tests/date_math.rs" line-rate="1" branch-rate="0" complexity="0"><methods/><lines><line number="8" hits="11"/><line number="9" hits="44"/><line number="10" hits="33"/><line number="11" hits="22"/><line number="13" hits="55"/><line number="16" hits="5"/><line number="17" hits="5"/></lines></class><class name="doctor_ok" filename="crates/cli/tests/doctor_ok.rs" line-rate="1" branch-rate="0" complexity="0"><methods/><lines><line number="8" hits="2"/><line number="9" hits="6"/><line number="10" hits="4"/><line number="12" hits="8"/></lines></class><class name="doctor_snapshot" filename="crates/cli/tests/doctor_snapshot.rs" line-rate="1" branch-rate="0" complexity="0"><methods/><lines><line number="9" hits="1"/><line number="10" hits="3"/><line number="11" hits="2"/><line number="13" hits="4"/><line number="16" hits="1"/><line number="17" hits="4"/><line number="18" hits="3"/></lines></class><class name="list_templates_ok" filename="crates/cli/tests/list_templates_ok.rs" line-rate="1" branch-rate="0" complexity="0"><methods/><lines><line number="7" hits="3"/><line number="8" hits="9"/><line number="9" hits="6"/><line number="11" hits="12"/></lines></class><class name="macro_simple" filename="crates/cli/tests/macro_simple.rs" line-rate="1" branch-rate="0" complexity="0"><methods/><lines><line number="9" hits="25"/><line number="10" hits="100"/><line number="11" hits="75"/><line number="12" hits="50"/><line number="14" hits="125"/><line number="17" hits="8"/><line number="18" hits="8"/></lines></class><class name="new_simple" filename="crates/cli/tests/new_simple.rs" line-rate="1" branch-rate="0" complexity="0"><methods/><lines><line number="6" hits="1"/><line number="7" hits="3"/><line number="8" hits="2"/><line number="10" hits="4"/></lines></class><class name="template_frontmatter" filename="crates/cli/tests/template_frontmatter.rs" line-rate="1" branch-rate="0" complexity="0"><methods/><lines><line number="8" hits="10"/><line number="9" hits="30"/><line number="10" hits="20"/><line number="12" hits="40"/><line number="15" hits="5"/><line number="16" hits="5"/></lines></class><class name="variable_metadata" filename="crates/cli/tests/variable_metadata.rs" line-rate="1" branch-rate="0" complexity="0"><methods/><lines><line number="12" hits="9"/><line number="13" hits="36"/><line number="14" hits="27"/><line number="15" hits="18"/><line number="17" hits="45"/><line number="20" hits="3"/><line number="21" hits="3"/></lines></class></classes></package><package name="crates/core/tests" line-rate="1" branch-rate="0" complexity="0"><classes><class name="config_loader_errors" filename="crates/core/tests/config_loader_errors.rs" line-rate="1" branch-rate="0" complexity="0"><methods/><lines><line number="6" hits="3"/><line number="7" hits="9"/><line number="8" hits="6"/><line number="10" hits="12"/></lines></class><class name="config_loader_ok" filename="crates/core/tests/config_loader_ok.rs" line-rate="1" branch-rate="0" complexity="0"><methods/><lines><line number="6" hits="2"/><line number="7" hits="6"/><line number="8" hits="4"/><line number="10" hits="8"/></lines></class><class name="template_engine" filename="crates/core/tests/template_engine.rs" line-rate="1" branch-rate="0" complexity="0"><methods/><lines><line number="5" hits="2"/><line number="7" hits="6"/><line number="8" hits="4"/><line number="9" hits="6"/><line number="11" hits="2"/></lines></class><class name="templates_discovery" filename="crates/core/tests/templates_discovery.rs" line-rate="1" branch-rate="0" complexity="0"><methods/><lines><line number="6" hits="5"/><line number="7" hits="15"/><line number="8" hits="10"/><line number="10" hits="20"/></lines></class></classes></package><package name="crates/core/src/markdown_ast" line-rate="0.9577464788732394" branch-rate="0" complexity="0"><classes><class name="comrak" filename="crates/core/src/markdown_ast/comrak.rs" line-rate="0.9541984732824428" branch-rate="0" complexity="0"><methods/><lines><line number="19" hits="57"/><line number="25" hits="171"/><line number="26" hits="114"/><line number="27" hits="4"/><line number="31" hits="106"/><line number="32" hits="6"/><line number="33" hits="4"/><line number="35" hits="10"/><line number="36" hits="2"/><line number="38" hits="4"/><line number="42" hits="204"/><line number="45" hits="92"/><line number="48" hits="95"/><line number="49" hits="57"/><line number="52" hits="19"/><line number="53" hits="0"/><line number="57" hits="57"/><line number="60" hits="22"/><line number="61" hits="3"/><line number="65" hits="57"/><line number="66" hits="19"/><line number="71" hits="81"/><line number="72" hits="81"/><line number="73" hits="54"/><line number="75" hits="135"/><line number="76" hits="81"/><line number="79" hits="54"/><line number="80" hits="0"/><line number="84" hits="81"/><line number="87" hits="32"/><line number="88" hits="5"/><line number="93" hits="81"/><line number="94" hits="90"/><line number="96" hits="21"/><line number="100" hits="81"/><line number="101" hits="27"/><line number="105" hits="46"/><line number="109" hits="51"/><line number="113" hits="102"/><line number="114" hits="102"/><line number="115" hits="255"/><line number="117" hits="153"/><line number="118" hits="153"/><line number="121" hits="747"/><line number="122" hits="777"/><line number="123" hits="396"/><line number="124" hits="264"/><line number="125" hits="396"/><line number="127" hits="264"/><line number="128" hits="336"/><line number="130" hits="138"/><line number="133" hits="396"/><line number="137" hits="143"/><line number="138" hits="66"/><line number="141" hits="184"/><line number="144" hits="46"/><line number="145" hits="230"/><line number="147" hits="92"/><line number="151" hits="46"/><line number="152" hits="92"/><line number="153" hits="92"/><line number="155" hits="2802"/><line number="156" hits="1840"/><line number="157" hits="46"/><line number="159" hits="1390"/><line number="160" hits="81"/><line number="162" hits="2618"/><line number="166" hits="0"/><line number="170" hits="46"/><line number="177" hits="346"/><line number="179" hits="110"/><line number="180" hits="78"/><line number="184" hits="32"/><line number="186" hits="90"/><line number="191" hits="32"/><line number="195" hits="30"/><line number="196" hits="30"/><line number="197" hits="0"/><line number="200" hits="60"/><line number="202" hits="4178"/><line number="203" hits="2059"/><line number="204" hits="213"/><line number="205" hits="213"/><line number="206" hits="30"/><line number="211" hits="0"/><line number="216" hits="27"/><line number="218" hits="81"/><line number="219" hits="81"/><line number="222" hits="79"/><line number="223" hits="127"/><line number="225" hits="52"/><line number="230" hits="54"/><line number="232" hits="108"/><line number="233" hits="27"/><line number="238" hits="0"/><line number="242" hits="19"/><line number="243" hits="38"/><line number="244" hits="38"/><line number="245" hits="95"/><line number="247" hits="38"/><line number="249" hits="229"/><line number="250" hits="287"/><line number="251" hits="192"/><line number="253" hits="144"/><line number="257" hits="19"/><line number="261" hits="4"/><line number="262" hits="8"/><line number="264" hits="20"/><line number="269" hits="70"/><line number="270" hits="140"/><line number="272" hits="70"/><line number="273" hits="70"/><line number="274" hits="70"/><line number="275" hits="70"/><line number="276" hits="70"/><line number="277" hits="70"/><line number="280" hits="70"/><line number="283" hits="70"/><line number="284" hits="70"/><line number="285" hits="70"/><line number="287" hits="70"/><line number="290" hits="90"/><line number="291" hits="270"/><line number="292" hits="270"/><line number="294" hits="352"/><line number="297" hits="180"/><line number="298" hits="360"/><line number="299" hits="720"/><line number="300" hits="720"/><line number="301" hits="360"/><line number="304" hits="180"/></lines></class><class name="editor" filename="crates/core/src/markdown_ast/editor.rs" line-rate="1" branch-rate="0" complexity="0"><methods/><lines><line number="22" hits="57"/><line number="28" hits="285"/><line number="34" hits="13"/><line number="35" hits="26"/><line number="39" hits="4"/><line number="40" hits="12"/></lines></class><class name="types" filename="crates/core/src/markdown_ast/types.rs" line-rate="1" branch-rate="0" complexity="0"><methods/><lines><line number="23" hits="35"/><line number="24" hits="35"/><line number="27" hits="4"/><line number="28" hits="4"/><line number="29" hits="4"/></lines></class></classes></package><package name="crates/core/src/types" line-rate="0.6788685524126455" branch-rate="0" complexity="0"><classes><class name="autofix" filename="crates/core/src/types/autofix.rs" line-rate="0.7872340425531915" branch-rate="0" complexity="0"><methods/><lines><line number="28" hits="1"/><line number="29" hits="1"/><line number="36" hits="3"/><line number="42" hits="9"/><line number="43" hits="6"/><line number="44" hits="0"/><line number="48" hits="6"/><line number="49" hits="6"/><line number="50" hits="0"/><line number="53" hits="12"/><line number="54" hits="6"/><line number="56" hits="9"/><line number="57" hits="3"/><line number="58" hits="2"/><line number="59" hits="7"/><line number="61" hits="2"/><line number="64" hits="3"/><line number="65" hits="5"/><line number="67" hits="2"/><line number="70" hits="0"/><line number="74" hits="6"/><line number="75" hits="1"/><line number="80" hits="2"/><line number="81" hits="2"/><line number="83" hits="6"/><line number="85" hits="2"/><line number="89" hits="2"/><line number="94" hits="8"/><line number="97" hits="6"/><line number="99" hits="6"/><line number="101" hits="2"/><line number="102" hits="3"/><line number="103" hits="0"/><line number="104" hits="0"/><line number="105" hits="0"/><line number="108" hits="1"/><line number="112" hits="1"/><line number="119" hits="3"/><line number="120" hits="5"/><line number="122" hits="1"/><line number="123" hits="0"/><line number="126" hits="1"/><line number="127" hits="4"/><line number="129" hits="1"/><line number="133" hits="0"/><line number="134" hits="0"/><line number="135" hits="0"/></lines></class><class name="definition" filename="crates/core/src/types/definition.rs" line-rate="0.75" branch-rate="0" complexity="0"><methods/><lines><line number="44" hits="14"/><line number="46" hits="42"/><line number="48" hits="28"/><line number="49" hits="28"/><line number="55" hits="14"/><line number="60" hits="3"/><line number="61" hits="7"/><line number="65" hits="1"/><line number="66" hits="1"/><line number="68" hits="1"/><line number="69" hits="3"/><line number="74" hits="0"/><line number="75" hits="0"/><line number="79" hits="0"/><line number="80" hits="0"/><line number="96" hits="24"/></lines></class><class name="discovery" filename="crates/core/src/types/discovery.rs" line-rate="0.8758620689655172" branch-rate="0" complexity="0"><methods/><lines><line number="21" hits="13"/><line number="23" hits="13"/><line number="24" hits="1"/><line number="27" hits="24"/><line number="29" hits="12"/><line number="31" hits="24"/><line number="34" hits="72"/><line number="35" hits="36"/><line number="36" hits="72"/><line number="38" hits="108"/><line number="39" hits="36"/><line number="40" hits="12"/><line number="42" hits="24"/><line number="43" hits="1"/><line number="46" hits="207"/><line number="48" hits="46"/><line number="49" hits="115"/><line number="53" hits="99"/><line number="54" hits="12"/><line number="57" hits="24"/><line number="58" hits="144"/><line number="73" hits="10"/><line number="74" hits="30"/><line number="75" hits="20"/><line number="79" hits="4"/><line number="80" hits="4"/><line number="84" hits="0"/><line number="85" hits="0"/><line number="89" hits="22"/><line number="90" hits="43"/><line number="91" hits="22"/><line number="93" hits="112"/><line number="94" hits="25"/><line number="96" hits="42"/><line number="100" hits="0"/><line number="101" hits="0"/><line number="102" hits="0"/><line number="103" hits="0"/><line number="105" hits="0"/><line number="110" hits="21"/><line number="111" hits="63"/><line number="112" hits="21"/><line number="114" hits="189"/><line number="116" hits="84"/><line number="120" hits="21"/><line number="125" hits="42"/><line number="126" hits="21"/><line number="128" hits="63"/><line number="131" hits="42"/><line number="132" hits="105"/><line number="133" hits="0"/><line number="134" hits="0"/><line number="137" hits="41"/><line number="138" hits="40"/><line number="140" hits="1"/><line number="141" hits="3"/><line number="142" hits="1"/><line number="148" hits="100"/><line number="151" hits="100"/><line number="154" hits="80"/><line number="157" hits="60"/><line number="158" hits="60"/><line number="159" hits="60"/><line number="162" hits="80"/><line number="164" hits="20"/><line number="165" hits="60"/><line number="166" hits="40"/><line number="167" hits="60"/><line number="168" hits="40"/><line number="169" hits="40"/><line number="170" hits="40"/><line number="171" hits="40"/><line number="172" hits="40"/><line number="173" hits="40"/><line number="174" hits="20"/><line number="179" hits="20"/><line number="183" hits="40"/><line number="185" hits="60"/><line number="186" hits="40"/><line number="187" hits="0"/><line number="190" hits="130"/><line number="191" hits="360"/><line number="192" hits="0"/><line number="193" hits="0"/><line number="196" hits="450"/><line number="197" hits="360"/><line number="200" hits="20"/><line number="204" hits="90"/><line number="210" hits="180"/><line number="211" hits="540"/><line number="214" hits="450"/><line number="217" hits="450"/><line number="220" hits="180"/><line number="221" hits="540"/><line number="224" hits="180"/><line number="225" hits="370"/><line number="226" hits="140"/><line number="230" hits="450"/><line number="231" hits="180"/><line number="232" hits="360"/><line number="233" hits="180"/><line number="234" hits="360"/><line number="237" hits="450"/><line number="238" hits="450"/><line number="239" hits="450"/><line number="242" hits="540"/><line number="243" hits="540"/><line number="246" hits="270"/><line number="249" hits="90"/><line number="251" hits="90"/><line number="254" hits="450"/><line number="257" hits="450"/><line number="260" hits="450"/><line number="263" hits="450"/><line number="265" hits="90"/><line number="266" hits="180"/><line number="267" hits="180"/><line number="268" hits="180"/><line number="269" hits="180"/><line number="270" hits="180"/><line number="271" hits="180"/><line number="272" hits="180"/><line number="273" hits="180"/><line number="274" hits="180"/><line number="275" hits="180"/><line number="276" hits="180"/><line number="277" hits="180"/><line number="278" hits="180"/><line number="279" hits="180"/><line number="280" hits="180"/><line number="281" hits="180"/><line number="282" hits="90"/><line number="283" hits="90"/><line number="289" hits="90"/><line number="290" hits="90"/><line number="291" hits="21"/><line number="292" hits="32"/><line number="293" hits="0"/><line number="294" hits="0"/><line number="296" hits="0"/><line number="297" hits="0"/><line number="299" hits="0"/><line number="302" hits="53"/><line number="303" hits="318"/><line number="305" hits="0"/></lines></class><class name="errors" filename="crates/core/src/types/errors.rs" line-rate="0.625" branch-rate="0" complexity="0"><methods/><lines><line number="87" hits="45"/><line number="88" hits="45"/><line number="92" hits="0"/><line number="93" hits="0"/><line number="97" hits="0"/><line number="98" hits="0"/><line number="102" hits="9"/><line number="103" hits="27"/><line number="104" hits="9"/><line number="108" hits="0"/><line number="109" hits="0"/><line number="113" hits="29"/><line number="114" hits="87"/><line number="115" hits="87"/><line number="116" hits="46"/><line number="117" hits="17"/></lines></class><class name="registry" filename="crates/core/src/types/registry.rs" line-rate="0.9655172413793104" branch-rate="0" complexity="0"><methods/><lines><line number="27" hits="25"/><line number="28" hits="25"/><line number="32" hits="4"/><line number="33" hits="8"/><line number="35" hits="24"/><line number="36" hits="64"/><line number="37" hits="48"/><line number="40" hits="4"/><line number="44" hits="38"/><line number="45" hits="114"/><line number="46" hits="114"/><line number="49" hits="61"/><line number="50" hits="92"/><line number="51" hits="23"/><line number="55" hits="45"/><line number="56" hits="1"/><line number="58" hits="56"/><line number="59" hits="14"/><line number="65" hits="24"/><line number="67" hits="65"/><line number="68" hits="17"/><line number="72" hits="14"/><line number="73" hits="27"/><line number="77" hits="1"/><line number="81" hits="4"/><line number="85" hits="8"/><line number="87" hits="24"/><line number="88" hits="1"/><line number="92" hits="14"/><line number="96" hits="3"/><line number="97" hits="9"/><line number="101" hits="5"/><line number="102" hits="22"/><line number="106" hits="0"/><line number="107" hits="0"/><line number="111" hits="1"/><line number="112" hits="3"/><line number="113" hits="2"/><line number="114" hits="2"/><line number="115" hits="2"/><line number="116" hits="2"/><line number="117" hits="2"/><line number="119" hits="5"/><line number="120" hits="1"/><line number="121" hits="2"/><line number="122" hits="1"/><line number="126" hits="3"/><line number="127" hits="6"/><line number="131" hits="2"/><line number="132" hits="4"/><line number="136" hits="52"/><line number="137" hits="52"/><line number="138" hits="57"/><line number="139" hits="52"/><line number="140" hits="59"/><line number="141" hits="30"/><line number="142" hits="40"/><line number="143" hits="19"/></lines></class><class name="scaffolding" filename="crates/core/src/types/scaffolding.rs" line-rate="0.639344262295082" branch-rate="0" complexity="0"><methods/><lines><line number="30" hits="2"/><line number="36" hits="4"/><line number="39" hits="4"/><line number="40" hits="2"/><line number="41" hits="2"/><line number="45" hits="4"/><line number="46" hits="2"/><line number="47" hits="2"/><line number="51" hits="2"/><line number="52" hits="0"/><line number="54" hits="0"/><line number="55" hits="0"/><line number="58" hits="0"/><line number="60" hits="0"/><line number="63" hits="0"/><line number="66" hits="0"/><line number="67" hits="0"/><line number="73" hits="8"/><line number="74" hits="4"/><line number="75" hits="0"/><line number="78" hits="4"/><line number="79" hits="6"/><line number="80" hits="8"/><line number="85" hits="8"/><line number="86" hits="4"/><line number="87" hits="2"/><line number="88" hits="2"/><line number="92" hits="8"/><line number="94" hits="4"/><line number="98" hits="4"/><line number="99" hits="4"/><line number="101" hits="2"/><line number="102" hits="1"/><line number="103" hits="0"/><line number="104" hits="0"/><line number="106" hits="0"/><line number="110" hits="7"/><line number="114" hits="3"/><line number="116" hits="7"/><line number="118" hits="1"/><line number="120" hits="0"/><line number="130" hits="0"/><line number="134" hits="0"/><line number="135" hits="0"/><line number="137" hits="0"/><line number="138" hits="0"/><line number="139" hits="0"/><line number="140" hits="0"/><line number="141" hits="0"/><line number="142" hits="0"/><line number="153" hits="3"/><line number="154" hits="9"/><line number="155" hits="6"/><line number="159" hits="6"/><line number="160" hits="24"/><line number="162" hits="96"/><line number="163" hits="235"/><line number="164" hits="201"/><line number="165" hits="115"/><line number="166" hits="11"/><line number="170" hits="12"/></lines></class><class name="schema" filename="crates/core/src/types/schema.rs" line-rate="0.7666666666666667" branch-rate="0" complexity="0"><methods/><lines><line number="27" hits="4"/><line number="28" hits="4"/><line number="29" hits="1"/><line number="30" hits="2"/><line number="31" hits="0"/><line number="32" hits="1"/><line number="33" hits="0"/><line number="34" hits="0"/><line number="35" hits="0"/><line number="41" hits="4"/><line number="42" hits="20"/><line number="49" hits="100"/><line number="50" hits="100"/><line number="51" hits="200"/><line number="52" hits="314"/><line number="53" hits="125"/><line number="54" hits="70"/><line number="55" hits="27"/><line number="56" hits="19"/><line number="57" hits="15"/><line number="58" hits="0"/><line number="146" hits="1"/><line number="147" hits="1"/><line number="151" hits="0"/><line number="153" hits="0"/><line number="160" hits="1"/><line number="162" hits="2"/><line number="164" hits="1"/><line number="170" hits="15"/><line number="171" hits="45"/></lines></class><class name="validation" filename="crates/core/src/types/validation.rs" line-rate="0.45614035087719296" branch-rate="0" complexity="0"><methods/><lines><line number="17" hits="16"/><line number="25" hits="47"/><line number="26" hits="30"/><line number="27" hits="1"/><line number="30" hits="30"/><line number="33" hits="45"/><line number="34" hits="75"/><line number="35" hits="30"/><line number="39" hits="15"/><line number="40" hits="0"/><line number="41" hits="0"/><line number="42" hits="0"/><line number="43" hits="0"/><line number="44" hits="0"/><line number="45" hits="0"/><line number="49" hits="0"/><line number="53" hits="15"/><line number="57" hits="15"/><line number="61" hits="30"/><line number="63" hits="60"/><line number="64" hits="60"/><line number="67" hits="45"/><line number="68" hits="3"/><line number="69" hits="1"/><line number="71" hits="1"/><line number="75" hits="42"/><line number="76" hits="84"/><line number="77" hits="28"/><line number="81" hits="15"/><line number="85" hits="14"/><line number="90" hits="28"/><line number="92" hits="42"/><line number="95" hits="42"/><line number="96" hits="6"/><line number="97" hits="3"/><line number="98" hits="0"/><line number="99" hits="2"/><line number="100" hits="6"/><line number="101" hits="0"/><line number="102" hits="0"/><line number="103" hits="1"/><line number="106" hits="14"/><line number="107" hits="6"/><line number="108" hits="6"/><line number="109" hits="6"/><line number="110" hits="2"/><line number="112" hits="2"/><line number="116" hits="4"/><line number="117" hits="24"/><line number="118" hits="4"/><line number="120" hits="3"/><line number="121" hits="3"/><line number="122" hits="3"/><line number="123" hits="1"/><line number="128" hits="15"/><line number="129" hits="6"/><line number="131" hits="6"/><line number="132" hits="3"/><line number="134" hits="3"/><line number="135" hits="3"/><line number="136" hits="1"/><line number="139" hits="6"/><line number="140" hits="3"/><line number="142" hits="3"/><line number="143" hits="3"/><line number="144" hits="1"/><line number="147" hits="3"/><line number="148" hits="0"/><line number="150" hits="0"/><line number="151" hits="0"/><line number="152" hits="0"/><line number="158" hits="19"/><line number="159" hits="10"/><line number="160" hits="6"/><line number="162" hits="3"/><line number="163" hits="3"/><line number="164" hits="2"/><line number="165" hits="2"/><line number="166" hits="1"/><line number="167" hits="1"/><line number="171" hits="10"/><line number="172" hits="6"/><line number="174" hits="3"/><line number="175" hits="3"/><line number="176" hits="2"/><line number="177" hits="2"/><line number="178" hits="1"/><line number="179" hits="1"/><line number="183" hits="7"/><line number="184" hits="0"/><line number="185" hits="0"/><line number="187" hits="0"/><line number="188" hits="0"/><line number="189" hits="0"/><line number="195" hits="14"/><line number="196" hits="4"/><line number="197" hits="4"/><line number="199" hits="3"/><line number="200" hits="3"/><line number="201" hits="3"/><line number="204" hits="4"/><line number="205" hits="4"/><line number="207" hits="0"/><line number="208" hits="0"/><line number="209" hits="0"/><line number="214" hits="2"/><line number="215" hits="0"/><line number="216" hits="0"/><line number="217" hits="0"/><line number="218" hits="0"/><line number="223" hits="12"/><line number="227" hits="8"/><line number="229" hits="8"/><line number="230" hits="2"/><line number="232" hits="30"/><line number="233" hits="6"/><line number="234" hits="2"/><line number="236" hits="4"/><line number="237" hits="3"/><line number="238" hits="3"/><line number="239" hits="30"/><line number="240" hits="18"/><line number="241" hits="18"/><line number="245" hits="5"/><line number="248" hits="10"/><line number="249" hits="9"/><line number="250" hits="6"/><line number="254" hits="2"/><line number="255" hits="2"/><line number="256" hits="0"/><line number="257" hits="0"/><line number="258" hits="0"/><line number="259" hits="4"/><line number="260" hits="0"/><line number="261" hits="0"/><line number="262" hits="0"/><line number="267" hits="0"/><line number="274" hits="0"/><line number="275" hits="0"/><line number="277" hits="0"/><line number="280" hits="0"/><line number="282" hits="0"/><line number="285" hits="0"/><line number="286" hits="0"/><line number="288" hits="0"/><line number="289" hits="0"/><line number="290" hits="0"/><line number="291" hits="0"/><line number="292" hits="0"/><line number="293" hits="0"/><line number="294" hits="0"/><line number="295" hits="0"/><line number="296" hits="0"/><line number="299" hits="0"/><line number="300" hits="0"/><line number="301" hits="0"/><line number="302" hits="0"/><line number="303" hits="0"/><line number="306" hits="0"/><line number="307" hits="0"/><line number="309" hits="0"/><line number="312" hits="0"/><line number="314" hits="0"/><line number="316" hits="0"/><line number="317" hits="0"/><line number="318" hits="0"/><line number="321" hits="0"/><line number="322" hits="0"/><line number="323" hits="0"/><line number="324" hits="0"/><line number="326" hits="0"/><line number="327" hits="0"/><line number="328" hits="0"/><line number="329" hits="0"/><line number="331" hits="0"/><line number="332" hits="0"/><line number="333" hits="0"/><line number="340" hits="0"/><line number="344" hits="0"/><line number="345" hits="0"/><line number="346" hits="0"/><line number="347" hits="0"/><line number="348" hits="0"/><line number="349" hits="0"/><line number="350" hits="0"/><line number="351" hits="0"/><line number="353" hits="0"/><line number="356" hits="0"/><line number="357" hits="0"/><line number="358" hits="0"/><line number="359" hits="0"/><line number="360" hits="0"/><line number="362" hits="0"/><line number="364" hits="0"/><line number="365" hits="0"/><line number="366" hits="0"/><line number="367" hits="0"/><line number="368" hits="0"/><line number="371" hits="0"/><line number="373" hits="0"/><line number="413" hits="0"/><line number="414" hits="0"/><line number="417" hits="0"/><line number="418" hits="0"/><line number="419" hits="0"/><line number="420" hits="0"/><line number="423" hits="0"/><line number="424" hits="0"/><line number="425" hits="0"/><line number="429" hits="0"/><line number="430" hits="0"/><line number="431" hits="0"/><line number="434" hits="0"/><line number="437" hits="0"/><line number="438" hits="0"/><line number="440" hits="0"/><line number="441" hits="0"/><line number="442" hits="0"/><line number="443" hits="0"/><line number="444" hits="0"/><line number="449" hits="0"/><line number="456" hits="0"/><line number="461" hits="0"/><line number="463" hits="0"/><line number="464" hits="0"/><line number="465" hits="0"/><line number="470" hits="0"/><line number="475" hits="0"/></lines></class></classes></package><package name="crates/core/src" line-rate="0.6103259301990194" branch-rate="0" complexity="0"><classes><class name="ids" filename="crates/core/src/ids.rs" line-rate="1" branch-rate="0" complexity="0"><methods/><lines><line number="22" hits="10"/><line number="23" hits="92"/><line number="25" hits="20"/><line number="27" hits="30"/><line number="28" hits="7"/><line number="30" hits="4"/><line number="31" hits="14"/><line number="33" hits="10"/><line number="34" hits="6"/><line number="35" hits="4"/><line number="37" hits="6"/><line number="38" hits="5"/><line number="40" hits="12"/><line number="43" hits="4"/><line number="46" hits="10"/><line number="61" hits="3"/><line number="62" hits="6"/><line number="77" hits="4"/><line number="78" hits="20"/><line number="79" hits="4"/><line number="80" hits="1"/><line number="83" hits="9"/><line number="84" hits="12"/><line number="86" hits="2"/></lines></class><class name="lib" filename="crates/core/src/lib.rs" line-rate="0" branch-rate="0" complexity="0"><methods/><lines><line number="1" hits="0"/><line number="2" hits="0"/><line number="5" hits="0"/><line number="6" hits="0"/><line number="9" hits="0"/><line number="10" hits="0"/><line number="12" hits="0"/><line number="13" hits="0"/></lines></class></classes></package><package name="crates/core/src/macros" line-rate="0.8909090909090909" branch-rate="0" complexity="0"><classes><class name="discovery" filename="crates/core/src/macros/discovery.rs" line-rate="0.9565217391304348" branch-rate="0" complexity="0"><methods/><lines><line number="48" hits="12"/><line number="49" hits="24"/><line number="51" hits="12"/><line number="53" hits="12"/><line number="54" hits="0"/><line number="57" hits="24"/><line number="59" hits="53"/><line number="60" hits="58"/><line number="61" hits="29"/><line number="63" hits="87"/><line number="64" hits="29"/><line number="65" hits="13"/><line number="67" hits="16"/><line number="68" hits="1"/><line number="71" hits="90"/><line number="72" hits="45"/><line number="74" hits="60"/><line number="77" hits="36"/><line number="78" hits="12"/><line number="81" hits="16"/><line number="82" hits="114"/><line number="85" hits="15"/><line number="86" hits="45"/><line number="88" hits="29"/><line number="89" hits="28"/><line number="91" hits="2"/><line number="92" hits="2"/><line number="94" hits="0"/><line number="105" hits="11"/><line number="106" hits="33"/><line number="107" hits="22"/><line number="111" hits="4"/><line number="112" hits="4"/><line number="116" hits="13"/><line number="117" hits="24"/><line number="118" hits="13"/><line number="120" hits="41"/><line number="121" hits="19"/><line number="123" hits="33"/><line number="124" hits="11"/><line number="126" hits="44"/><line number="127" hits="11"/><line number="129" hits="11"/><line number="130" hits="33"/><line number="131" hits="22"/><line number="132" hits="11"/></lines></class><class name="runner" filename="crates/core/src/macros/runner.rs" line-rate="0.9629629629629629" branch-rate="0" complexity="0"><methods/><lines><line number="66" hits="9"/><line number="67" hits="18"/><line number="71" hits="6"/><line number="75" hits="18"/><line number="78" hits="9"/><line number="79" hits="1"/><line number="80" hits="4"/><line number="81" hits="5"/><line number="84" hits="6"/><line number="88" hits="8"/><line number="90" hits="22"/><line number="91" hits="28"/><line number="92" hits="28"/><line number="94" hits="24"/><line number="126" hits="9"/><line number="131" hits="18"/><line number="132" hits="18"/><line number="133" hits="18"/><line number="135" hits="38"/><line number="136" hits="60"/><line number="138" hits="10"/><line number="139" hits="16"/><line number="140" hits="40"/><line number="141" hits="16"/><line number="143" hits="2"/><line number="144" hits="2"/><line number="148" hits="4"/><line number="151" hits="6"/><line number="154" hits="2"/><line number="155" hits="2"/><line number="161" hits="18"/><line number="162" hits="28"/><line number="164" hits="10"/><line number="165" hits="2"/><line number="167" hits="0"/><line number="168" hits="4"/><line number="173" hits="27"/><line number="180" hits="10"/><line number="187" hits="20"/><line number="188" hits="3"/><line number="189" hits="1"/><line number="191" hits="2"/><line number="192" hits="1"/><line number="196" hits="8"/><line number="197" hits="25"/><line number="198" hits="10"/><line number="199" hits="5"/><line number="204" hits="12"/><line number="205" hits="56"/><line number="209" hits="1"/><line number="210" hits="1"/><line number="212" hits="3"/><line number="213" hits="4"/><line number="214" hits="0"/></lines></class><class name="types" filename="crates/core/src/macros/types.rs" line-rate="0.2" branch-rate="0" complexity="0"><methods/><lines><line number="139" hits="0"/><line number="140" hits="0"/><line number="141" hits="0"/><line number="142" hits="0"/><line number="143" hits="0"/><line number="144" hits="0"/><line number="145" hits="0"/><line number="147" hits="0"/><line number="154" hits="28"/><line number="155" hits="49"/></lines></class></classes></package><package name="crates/core/src/scripting" line-rate="0.12710566615620214" branch-rate="0" complexity="0"><classes><class name="bindings" filename="crates/core/src/scripting/bindings.rs" line-rate="0.8333333333333334" branch-rate="0" complexity="0"><methods/><lines><line number="18" hits="46"/><line number="19" hits="138"/><line number="21" hits="184"/><line number="22" hits="184"/><line number="23" hits="184"/><line number="25" hits="138"/><line number="26" hits="46"/><line number="39" hits="46"/><line number="40" hits="138"/><line number="41" hits="138"/><line number="44" hits="45"/><line number="45" hits="142"/><line number="48" hits="63"/><line number="49" hits="9"/><line number="52" hits="45"/><line number="64" hits="46"/><line number="65" hits="96"/><line number="66" hits="12"/><line number="69" hits="12"/><line number="71" hits="12"/><line number="72" hits="12"/><line number="73" hits="16"/><line number="74" hits="16"/><line number="77" hits="16"/><line number="89" hits="46"/><line number="90" hits="98"/><line number="94" hits="4"/><line number="95" hits="4"/><line number="96" hits="12"/><line number="97" hits="2"/><line number="98" hits="0"/><line number="99" hits="0"/><line number="100" hits="0"/><line number="101" hits="0"/><line number="102" hits="0"/><line number="103" hits="0"/></lines></class><class name="engine" filename="crates/core/src/scripting/engine.rs" line-rate="0.6481481481481481" branch-rate="0" complexity="0"><methods/><lines><line number="37" hits="46"/><line number="41" hits="92"/><line number="43" hits="184"/><line number="46" hits="46"/><line number="47" hits="138"/><line number="51" hits="92"/><line number="54" hits="92"/><line number="56" hits="46"/><line number="60" hits="46"/><line number="61" hits="92"/><line number="87" hits="0"/><line number="92" hits="0"/><line number="93" hits="0"/><line number="96" hits="0"/><line number="97" hits="0"/><line number="101" hits="0"/><line number="104" hits="0"/><line number="107" hits="0"/><line number="110" hits="0"/><line number="112" hits="0"/><line number="118" hits="21"/><line number="119" hits="125"/><line number="121" hits="20"/><line number="122" hits="7"/><line number="123" hits="52"/><line number="124" hits="0"/><line number="125" hits="0"/><line number="126" hits="0"/><line number="127" hits="0"/><line number="134" hits="14"/><line number="135" hits="56"/><line number="136" hits="0"/><line number="141" hits="3"/><line number="142" hits="18"/><line number="143" hits="3"/><line number="144" hits="6"/><line number="145" hits="0"/><line number="147" hits="0"/><line number="153" hits="22"/><line number="154" hits="22"/><line number="158" hits="46"/><line number="159" hits="138"/><line number="169" hits="138"/><line number="170" hits="138"/><line number="171" hits="138"/><line number="172" hits="138"/><line number="173" hits="138"/><line number="174" hits="138"/><line number="175" hits="138"/><line number="176" hits="138"/><line number="177" hits="138"/><line number="179" hits="46"/><line number="184" hits="0"/><line number="185" hits="0"/></lines></class><class name="hook_runner" filename="crates/core/src/scripting/hook_runner.rs" line-rate="0" branch-rate="0" complexity="0"><methods/><lines><line number="54" hits="0"/><line number="60" hits="0"/><line number="61" hits="0"/><line number="65" hits="0"/><line number="66" hits="0"/><line number="68" hits="0"/><line number="71" hits="0"/><line number="72" hits="0"/><line number="73" hits="0"/><line number="77" hits="0"/><line number="78" hits="0"/><line number="80" hits="0"/><line number="81" hits="0"/><line number="82" hits="0"/><line number="84" hits="0"/><line number="85" hits="0"/><line number="86" hits="0"/><line number="88" hits="0"/><line number="89" hits="0"/><line number="90" hits="0"/><line number="93" hits="0"/><line number="94" hits="0"/><line number="96" hits="0"/><line number="97" hits="0"/><line number="98" hits="0"/><line number="101" hits="0"/><line number="102" hits="0"/><line number="106" hits="0"/><line number="107" hits="0"/><line number="108" hits="0"/><line number="111" hits="0"/><line number="112" hits="0"/><line number="114" hits="0"/><line number="115" hits="0"/><line number="116" hits="0"/><line number="118" hits="0"/><line number="121" hits="0"/><line number="123" hits="0"/><line number="124" hits="0"/><line number="128" hits="0"/><line number="132" hits="0"/><line number="166" hits="0"/><line number="172" hits="0"/><line number="173" hits="0"/><line number="174" hits="0"/><line number="175" hits="0"/><line number="176" hits="0"/><line number="181" hits="0"/><line number="182" hits="0"/><line number="184" hits="0"/><line number="187" hits="0"/><line number="188" hits="0"/><line number="189" hits="0"/><line number="193" hits="0"/><line number="194" hits="0"/><line number="196" hits="0"/><line number="197" hits="0"/><line number="198" hits="0"/><line number="200" hits="0"/><line number="201" hits="0"/><line number="202" hits="0"/><line number="204" hits="0"/><line number="205" hits="0"/><line number="206" hits="0"/><line number="209" hits="0"/><line number="210" hits="0"/><line number="212" hits="0"/><line number="213" hits="0"/><line number="214" hits="0"/><line number="217" hits="0"/><line number="218" hits="0"/><line number="222" hits="0"/><line number="223" hits="0"/><line number="224" hits="0"/><line number="227" hits="0"/><line number="228" hits="0"/><line number="230" hits="0"/><line number="231" hits="0"/><line number="232" hits="0"/><line number="234" hits="0"/><line number="237" hits="0"/><line number="239" hits="0"/><line number="240" hits="0"/><line number="244" hits="0"/><line number="248" hits="0"/><line number="254" hits="0"/><line number="255" hits="0"/><line number="257" hits="0"/><line number="258" hits="0"/><line number="260" hits="0"/><line number="261" hits="0"/><line number="262" hits="0"/><line number="263" hits="0"/><line number="264" hits="0"/><line number="266" hits="0"/><line number="267" hits="0"/><line number="270" hits="0"/><line number="271" hits="0"/><line number="274" hits="0"/><line number="278" hits="0"/><line number="279" hits="0"/><line number="280" hits="0"/><line number="281" hits="0"/><line number="282" hits="0"/><line number="283" hits="0"/><line number="284" hits="0"/><line number="286" hits="0"/><line number="287" hits="0"/><line number="288" hits="0"/><line number="290" hits="0"/><line number="292" hits="0"/><line number="293" hits="0"/><line number="294" hits="0"/><line number="295" hits="0"/><line number="296" hits="0"/><line number="298" hits="0"/><line number="300" hits="0"/><line number="303" hits="0"/><line number="308" hits="0"/><line number="309" hits="0"/><line number="310" hits="0"/><line number="312" hits="0"/><line number="315" hits="0"/><line number="316" hits="0"/><line number="317" hits="0"/><line number="320" hits="0"/></lines></class><class name="hooks" filename="crates/core/src/scripting/hooks.rs" line-rate="0" branch-rate="0" complexity="0"><methods/><lines><line number="27" hits="0"/></lines></class><class name="index_bindings" filename="crates/core/src/scripting/index_bindings.rs" line-rate="0.1038961038961039" branch-rate="0" complexity="0"><methods/><lines><line number="21" hits="0"/><line number="22" hits="0"/><line number="24" hits="0"/><line number="25" hits="0"/><line number="26" hits="0"/><line number="27" hits="0"/><line number="29" hits="0"/><line number="45" hits="0"/><line number="46" hits="0"/><line number="47" hits="0"/><line number="48" hits="0"/><line number="49" hits="0"/><line number="51" hits="0"/><line number="52" hits="0"/><line number="53" hits="0"/><line number="57" hits="0"/><line number="58" hits="0"/><line number="59" hits="0"/><line number="60" hits="0"/><line number="62" hits="0"/><line number="63" hits="0"/><line number="66" hits="0"/><line number="67" hits="0"/><line number="68" hits="0"/><line number="71" hits="0"/><line number="87" hits="0"/><line number="88" hits="0"/><line number="89" hits="0"/><line number="90" hits="0"/><line number="91" hits="0"/><line number="93" hits="0"/><line number="94" hits="0"/><line number="96" hits="0"/><line number="97" hits="0"/><line number="103" hits="0"/><line number="106" hits="0"/><line number="107" hits="0"/><line number="110" hits="0"/><line number="112" hits="0"/><line number="115" hits="0"/><line number="116" hits="0"/><line number="117" hits="0"/><line number="121" hits="0"/><line number="122" hits="0"/><line number="123" hits="0"/><line number="126" hits="0"/><line number="127" hits="0"/><line number="128" hits="0"/><line number="131" hits="0"/><line number="132" hits="0"/><line number="133" hits="0"/><line number="134" hits="0"/><line number="135" hits="0"/><line number="138" hits="0"/><line number="139" hits="0"/><line number="141" hits="0"/><line number="142" hits="0"/><line number="144" hits="0"/><line number="146" hits="0"/><line number="149" hits="0"/><line number="165" hits="0"/><line number="166" hits="0"/><line number="167" hits="0"/><line number="168" hits="0"/><line number="169" hits="0"/><line number="171" hits="0"/><line number="172" hits="0"/><line number="174" hits="0"/><line number="175" hits="0"/><line number="181" hits="0"/><line number="184" hits="0"/><line number="185" hits="0"/><line number="188" hits="0"/><line number="190" hits="0"/><line number="193" hits="0"/><line number="194" hits="0"/><line number="195" hits="0"/><line number="199" hits="0"/><line number="200" hits="0"/><line number="201" hits="0"/><line number="204" hits="0"/><line number="205" hits="0"/><line number="206" hits="0"/><line number="208" hits="0"/><line number="211" hits="0"/><line number="212" hits="0"/><line number="213" hits="0"/><line number="214" hits="0"/><line number="215" hits="0"/><line number="217" hits="0"/><line number="220" hits="0"/><line number="223" hits="0"/><line number="224" hits="0"/><line number="226" hits="0"/><line number="228" hits="0"/><line number="231" hits="0"/><line number="251" hits="0"/><line number="252" hits="0"/><line number="253" hits="0"/><line number="254" hits="0"/><line number="255" hits="0"/><line number="257" hits="0"/><line number="258" hits="0"/><line number="260" hits="0"/><line number="261" hits="0"/><line number="267" hits="0"/><line number="269" hits="0"/><line number="271" hits="0"/><line number="272" hits="0"/><line number="276" hits="0"/><line number="277" hits="0"/><line number="281" hits="0"/><line number="282" hits="0"/><line number="286" hits="0"/><line number="287" hits="0"/><line number="292" hits="0"/><line number="293" hits="0"/><line number="294" hits="0"/><line number="297" hits="0"/><line number="298" hits="0"/><line number="299" hits="0"/><line number="300" hits="0"/><line number="301" hits="0"/><line number="302" hits="0"/><line number="303" hits="0"/><line number="305" hits="0"/><line number="306" hits="0"/><line number="310" hits="0"/><line number="311" hits="0"/><line number="313" hits="0"/><line number="314" hits="0"/><line number="315" hits="0"/><line number="318" hits="0"/><line number="321" hits="0"/><line number="326" hits="2"/><line number="328" hits="8"/><line number="332" hits="8"/><line number="333" hits="8"/><line number="334" hits="0"/><line number="335" hits="2"/><line number="336" hits="4"/><line number="337" hits="8"/><line number="338" hits="4"/><line number="339" hits="0"/><line number="340" hits="0"/><line number="342" hits="0"/><line number="345" hits="2"/><line number="346" hits="1"/><line number="347" hits="2"/><line number="349" hits="1"/><line number="350" hits="2"/><line number="351" hits="17"/><line number="352" hits="16"/><line number="354" hits="1"/></lines></class><class name="types" filename="crates/core/src/scripting/types.rs" line-rate="0.4" branch-rate="0" complexity="0"><methods/><lines><line number="39" hits="0"/><line number="40" hits="0"/><line number="46" hits="46"/><line number="48" hits="46"/><line number="55" hits="0"/></lines></class><class name="vault_bindings" filename="crates/core/src/scripting/vault_bindings.rs" line-rate="0" branch-rate="0" complexity="0"><methods/><lines><line number="30" hits="0"/><line number="32" hits="0"/><line number="34" hits="0"/><line number="36" hits="0"/><line number="37" hits="0"/><line number="38" hits="0"/><line number="39" hits="0"/><line number="41" hits="0"/><line number="58" hits="0"/><line number="59" hits="0"/><line number="60" hits="0"/><line number="62" hits="0"/><line number="63" hits="0"/><line number="64" hits="0"/><line number="67" hits="0"/><line number="68" hits="0"/><line number="69" hits="0"/><line number="70" hits="0"/><line number="71" hits="0"/><line number="72" hits="0"/><line number="73" hits="0"/><line number="81" hits="0"/><line number="82" hits="0"/><line number="83" hits="0"/><line number="84" hits="0"/><line number="85" hits="0"/><line number="86" hits="0"/><line number="91" hits="0"/><line number="92" hits="0"/><line number="93" hits="0"/><line number="94" hits="0"/><line number="96" hits="0"/><line number="97" hits="0"/><line number="99" hits="0"/><line number="118" hits="0"/><line number="119" hits="0"/><line number="120" hits="0"/><line number="122" hits="0"/><line number="123" hits="0"/><line number="124" hits="0"/><line number="127" hits="0"/><line number="128" hits="0"/><line number="129" hits="0"/><line number="130" hits="0"/><line number="131" hits="0"/><line number="132" hits="0"/><line number="133" hits="0"/><line number="141" hits="0"/><line number="142" hits="0"/><line number="143" hits="0"/><line number="144" hits="0"/><line number="145" hits="0"/><line number="146" hits="0"/><line number="151" hits="0"/><line number="152" hits="0"/><line number="153" hits="0"/><line number="154" hits="0"/><line number="155" hits="0"/><line number="175" hits="0"/><line number="176" hits="0"/><line number="177" hits="0"/><line number="179" hits="0"/><line number="180" hits="0"/><line number="181" hits="0"/><line number="184" hits="0"/><line number="185" hits="0"/><line number="186" hits="0"/><line number="187" hits="0"/><line number="188" hits="0"/><line number="189" hits="0"/><line number="190" hits="0"/><line number="198" hits="0"/><line number="199" hits="0"/><line number="200" hits="0"/><line number="201" hits="0"/><line number="202" hits="0"/><line number="203" hits="0"/><line number="208" hits="0"/><line number="209" hits="0"/><line number="210" hits="0"/><line number="211" hits="0"/><line number="215" hits="0"/><line number="216" hits="0"/><line number="217" hits="0"/><line number="220" hits="0"/><line number="222" hits="0"/><line number="223" hits="0"/><line number="225" hits="0"/><line number="226" hits="0"/><line number="227" hits="0"/><line number="260" hits="0"/><line number="261" hits="0"/><line number="262" hits="0"/><line number="263" hits="0"/><line number="264" hits="0"/><line number="267" hits="0"/><line number="268" hits="0"/><line number="270" hits="0"/><line number="271" hits="0"/><line number="273" hits="0"/><line number="277" hits="0"/><line number="278" hits="0"/><line number="279" hits="0"/><line number="280" hits="0"/><line number="281" hits="0"/><line number="282" hits="0"/><line number="283" hits="0"/><line number="284" hits="0"/><line number="292" hits="0"/><line number="293" hits="0"/><line number="294" hits="0"/><line number="295" hits="0"/><line number="296" hits="0"/><line number="298" hits="0"/><line number="305" hits="0"/><line number="306" hits="0"/><line number="307" hits="0"/><line number="308" hits="0"/><line number="311" hits="0"/><line number="313" hits="0"/><line number="314" hits="0"/><line number="317" hits="0"/><line number="318" hits="0"/><line number="321" hits="0"/><line number="322" hits="0"/><line number="324" hits="0"/><line number="325" hits="0"/><line number="329" hits="0"/><line number="334" hits="0"/><line number="335" hits="0"/><line number="336" hits="0"/><line number="339" hits="0"/><line number="340" hits="0"/><line number="341" hits="0"/><line number="342" hits="0"/><line number="343" hits="0"/><line number="346" hits="0"/><line number="347" hits="0"/><line number="348" hits="0"/><line number="349" hits="0"/><line number="351" hits="0"/><line number="352" hits="0"/><line number="354" hits="0"/><line number="358" hits="0"/><line number="359" hits="0"/><line number="360" hits="0"/><line number="361" hits="0"/><line number="362" hits="0"/><line number="363" hits="0"/><line number="364" hits="0"/><line number="365" hits="0"/><line number="366" hits="0"/><line number="367" hits="0"/><line number="373" hits="0"/><line number="379" hits="0"/><line number="380" hits="0"/><line number="381" hits="0"/><line number="384" hits="0"/><line number="385" hits="0"/><line number="386" hits="0"/><line number="387" hits="0"/><line number="388" hits="0"/><line number="391" hits="0"/><line number="394" hits="0"/><line number="395" hits="0"/><line number="396" hits="0"/><line number="401" hits="0"/><line number="402" hits="0"/><line number="405" hits="0"/><line number="407" hits="0"/><line number="408" hits="0"/><line number="409" hits="0"/><line number="410" hits="0"/><line number="411" hits="0"/><line number="417" hits="0"/><line number="418" hits="0"/><line number="421" hits="0"/><line number="422" hits="0"/><line number="424" hits="0"/><line number="428" hits="0"/><line number="429" hits="0"/><line number="430" hits="0"/><line number="432" hits="0"/><line number="435" hits="0"/><line number="436" hits="0"/><line number="439" hits="0"/><line number="443" hits="0"/><line number="449" hits="0"/><line number="450" hits="0"/><line number="451" hits="0"/><line number="454" hits="0"/><line number="455" hits="0"/><line number="456" hits="0"/><line number="460" hits="0"/><line number="461" hits="0"/><line number="462" hits="0"/><line number="465" hits="0"/><line number="466" hits="0"/><line number="467" hits="0"/><line number="469" hits="0"/><line number="470" hits="0"/><line number="473" hits="0"/><line number="474" hits="0"/><line number="475" hits="0"/><line number="476" hits="0"/><line number="478" hits="0"/><line number="480" hits="0"/><line number="481" hits="0"/><line number="485" hits="0"/><line number="486" hits="0"/><line number="489" hits="0"/><line number="490" hits="0"/><line number="491" hits="0"/><line number="502" hits="0"/><line number="508" hits="0"/><line number="509" hits="0"/><line number="510" hits="0"/><line number="511" hits="0"/><line number="514" hits="0"/><line number="517" hits="0"/><line number="518" hits="0"/><line number="519" hits="0"/><line number="520" hits="0"/><line number="521" hits="0"/><line number="522" hits="0"/><line number="523" hits="0"/><line number="524" hits="0"/><line number="525" hits="0"/><line number="527" hits="0"/><line number="528" hits="0"/><line number="532" hits="0"/><line number="533" hits="0"/><line number="538" hits="0"/><line number="539" hits="0"/><line number="542" hits="0"/><line number="543" hits="0"/><line number="544" hits="0"/><line number="549" hits="0"/><line number="550" hits="0"/><line number="551" hits="0"/><line number="552" hits="0"/><line number="553" hits="0"/><line number="557" hits="0"/><line number="558" hits="0"/><line number="559" hits="0"/><line number="560" hits="0"/><line number="561" hits="0"/><line number="565" hits="0"/><line number="571" hits="0"/><line number="572" hits="0"/><line number="573" hits="0"/><line number="574" hits="0"/><line number="577" hits="0"/><line number="580" hits="0"/><line number="581" hits="0"/><line number="583" hits="0"/><line number="584" hits="0"/><line number="585" hits="0"/><line number="586" hits="0"/><line number="587" hits="0"/><line number="591" hits="0"/><line number="597" hits="0"/></lines></class><class name="vault_context" filename="crates/core/src/scripting/vault_context.rs" line-rate="0" branch-rate="0" complexity="0"><
[...]
line number="48" hits="72"/><line number="49" hits="32"/><line number="50" hits="64"/><line number="51" hits="11"/><line number="69" hits="0"/><line number="70" hits="0"/><line number="71" hits="0"/><line number="72" hits="0"/><line number="73" hits="0"/><line number="74" hits="0"/><line number="75" hits="0"/><line number="76" hits="0"/><line number="80" hits="0"/><line number="81" hits="0"/><line number="82" hits="0"/><line number="83" hits="0"/><line number="84" hits="0"/><line number="85" hits="0"/><line number="86" hits="0"/><line number="104" hits="0"/><line number="105" hits="0"/><line number="106" hits="0"/><line number="107" hits="0"/><line number="108" hits="0"/><line number="109" hits="0"/><line number="110" hits="0"/><line number="111" hits="0"/><line number="115" hits="0"/><line number="116" hits="0"/><line number="117" hits="0"/><line number="118" hits="0"/><line number="119" hits="0"/><line number="120" hits="0"/><line number="121" hits="0"/><line number="139" hits="69"/><line number="140" hits="69"/><line number="141" hits="43"/><line number="142" hits="13"/><line number="143" hits="13"/><line number="147" hits="10"/><line number="148" hits="10"/><line number="149" hits="20"/><line number="150" hits="0"/><line number="151" hits="0"/><line number="152" hits="0"/></lines></class></classes></package><package name="crates/core/src/rename" line-rate="0.8113207547169812" branch-rate="0" complexity="0"><classes><class name="detector" filename="crates/core/src/rename/detector.rs" line-rate="0.8148148148148148" branch-rate="0" complexity="0"><methods/><lines><line number="15" hits="1"/><line number="20" hits="3"/><line number="23" hits="1"/><line number="28" hits="3"/><line number="34" hits="12"/><line number="40" hits="24"/><line number="43" hits="96"/><line number="45" hits="72"/><line number="48" hits="12"/><line number="49" hits="60"/><line number="50" hits="36"/><line number="53" hits="60"/><line number="54" hits="36"/><line number="56" hits="12"/><line number="59" hits="12"/><line number="65" hits="24"/><line number="68" hits="24"/><line number="70" hits="96"/><line number="71" hits="60"/><line number="74" hits="99"/><line number="75" hits="36"/><line number="76" hits="72"/><line number="77" hits="40"/><line number="80" hits="27"/><line number="82" hits="36"/><line number="83" hits="24"/><line number="84" hits="24"/><line number="85" hits="16"/><line number="87" hits="24"/><line number="88" hits="0"/><line number="89" hits="1"/><line number="90" hits="2"/><line number="91" hits="5"/><line number="94" hits="24"/><line number="95" hits="24"/><line number="96" hits="16"/><line number="97" hits="16"/><line number="98" hits="16"/><line number="99" hits="16"/><line number="100" hits="24"/><line number="101" hits="16"/><line number="102" hits="16"/><line number="103" hits="16"/><line number="104" hits="8"/><line number="110" hits="93"/><line number="111" hits="12"/><line number="112" hits="24"/><line number="113" hits="24"/><line number="116" hits="12"/><line number="117" hits="1"/><line number="120" hits="10"/><line number="121" hits="8"/><line number="122" hits="8"/><line number="123" hits="6"/><line number="125" hits="6"/><line number="126" hits="6"/><line number="127" hits="4"/><line number="128" hits="4"/><line number="129" hits="4"/><line number="130" hits="4"/><line number="131" hits="6"/><line number="132" hits="4"/><line number="133" hits="4"/><line number="134" hits="4"/><line number="135" hits="2"/><line number="141" hits="30"/><line number="144" hits="12"/><line number="147" hits="12"/><line number="152" hits="24"/><line number="155" hits="24"/><line number="156" hits="24"/><line number="157" hits="0"/><line number="160" hits="14"/><line number="161" hits="4"/><line number="162" hits="10"/><line number="166" hits="8"/><line number="169" hits="6"/><line number="171" hits="22"/><line number="172" hits="22"/><line number="174" hits="3"/><line number="175" hits="3"/><line number="176" hits="2"/><line number="177" hits="4"/><line number="179" hits="3"/><line number="180" hits="3"/><line number="181" hits="1"/><line number="182" hits="1"/><line number="183" hits="2"/><line number="184" hits="2"/><line number="185" hits="3"/><line number="186" hits="2"/><line number="187" hits="2"/><line number="189" hits="2"/><line number="190" hits="2"/><line number="191" hits="1"/><line number="196" hits="3"/><line number="197" hits="8"/><line number="198" hits="6"/><line number="199" hits="9"/><line number="200" hits="2"/><line number="201" hits="5"/><line number="203" hits="3"/><line number="204" hits="3"/><line number="205" hits="1"/><line number="206" hits="1"/><line number="207" hits="2"/><line number="208" hits="2"/><line number="209" hits="3"/><line number="210" hits="2"/><line number="211" hits="3"/><line number="212" hits="2"/><line number="214" hits="2"/><line number="215" hits="2"/><line number="216" hits="1"/><line number="224" hits="2"/><line number="228" hits="9"/><line number="229" hits="10"/><line number="230" hits="2"/><line number="231" hits="2"/><line number="232" hits="2"/><line number="234" hits="8"/><line number="239" hits="9"/><line number="240" hits="27"/><line number="241" hits="27"/><line number="244" hits="9"/><line number="245" hits="8"/><line number="249" hits="2"/><line number="250" hits="0"/><line number="254" hits="2"/><line number="255" hits="1"/><line number="256" hits="0"/><line number="260" hits="4"/><line number="261" hits="1"/><line number="262" hits="0"/><line number="265" hits="1"/><line number="269" hits="2"/><line number="271" hits="6"/><line number="273" hits="6"/><line number="274" hits="6"/><line number="275" hits="4"/><line number="278" hits="4"/><line number="279" hits="2"/><line number="283" hits="0"/><line number="284" hits="0"/><line number="288" hits="0"/><line number="289" hits="0"/><line number="293" hits="0"/><line number="294" hits="0"/><line number="295" hits="0"/><line number="296" hits="0"/><line number="300" hits="0"/><line number="304" hits="4"/><line number="305" hits="12"/><line number="306" hits="12"/><line number="308" hits="8"/><line number="312" hits="2"/><line number="313" hits="2"/><line number="314" hits="0"/><line number="317" hits="4"/><line number="318" hits="8"/><line number="322" hits="1"/><line number="328" hits="4"/><line number="329" hits="3"/><line number="332" hits="2"/><line number="333" hits="3"/><line number="334" hits="3"/><line number="335" hits="1"/><line number="338" hits="2"/><line number="339" hits="4"/><line number="340" hits="3"/><line number="341" hits="2"/><line number="344" hits="3"/><line number="345" hits="2"/><line number="347" hits="0"/><line number="349" hits="1"/><line number="352" hits="3"/><line number="356" hits="0"/><line number="360" hits="1"/><line number="367" hits="4"/><line number="368" hits="3"/><line number="371" hits="3"/><line number="372" hits="4"/><line number="375" hits="2"/><line number="378" hits="1"/><line number="379" hits="5"/><line number="381" hits="2"/><line number="382" hits="4"/><line number="383" hits="2"/><line number="384" hits="2"/><line number="387" hits="3"/><line number="388" hits="2"/><line number="390" hits="0"/><line number="392" hits="1"/><line number="395" hits="3"/><line number="400" hits="0"/><line number="401" hits="0"/><line number="402" hits="0"/><line number="403" hits="0"/><line number="404" hits="0"/><line number="405" hits="0"/><line number="406" hits="0"/><line number="409" hits="0"/><line number="410" hits="0"/><line number="412" hits="0"/><line number="413" hits="0"/><line number="414" hits="0"/><line number="417" hits="0"/><line number="418" hits="0"/><line number="420" hits="0"/><line number="422" hits="0"/><line number="425" hits="0"/><line number="429" hits="0"/><line number="434" hits="0"/><line number="439" hits="0"/><line number="440" hits="0"/><line number="443" hits="0"/></lines></class><class name="mod" filename="crates/core/src/rename/mod.rs" line-rate="0.8785046728971962" branch-rate="0" complexity="0"><methods/><lines><line number="24" hits="5"/><line number="31" hits="15"/><line number="32" hits="0"/><line number="34" hits="15"/><line number="37" hits="15"/><line number="38" hits="0"/><line number="40" hits="15"/><line number="43" hits="5"/><line number="44" hits="1"/><line number="47" hits="4"/><line number="48" hits="1"/><line number="52" hits="15"/><line number="53" hits="6"/><line number="54" hits="6"/><line number="55" hits="3"/><line number="56" hits="3"/><line number="58" hits="3"/><line number="59" hits="6"/><line number="62" hits="3"/><line number="63" hits="12"/><line number="66" hits="6"/><line number="67" hits="9"/><line number="69" hits="5"/><line number="70" hits="2"/><line number="71" hits="2"/><line number="72" hits="1"/><line number="74" hits="5"/><line number="75" hits="3"/><line number="80" hits="7"/><line number="81" hits="4"/><line number="82" hits="0"/><line number="85" hits="1"/><line number="86" hits="5"/><line number="87" hits="3"/><line number="91" hits="3"/><line number="92" hits="21"/><line number="95" hits="6"/><line number="96" hits="6"/><line number="99" hits="9"/><line number="100" hits="6"/><line number="101" hits="3"/><line number="102" hits="4"/><line number="104" hits="2"/><line number="107" hits="6"/><line number="108" hits="4"/><line number="109" hits="0"/><line number="112" hits="5"/><line number="114" hits="3"/><line number="115" hits="2"/><line number="116" hits="2"/><line number="117" hits="1"/><line number="118" hits="1"/><line number="123" hits="6"/><line number="124" hits="9"/><line number="125" hits="9"/><line number="127" hits="7"/><line number="128" hits="28"/><line number="129" hits="4"/><line number="133" hits="3"/><line number="134" hits="0"/><line number="135" hits="0"/><line number="136" hits="0"/><line number="137" hits="0"/><line number="138" hits="0"/><line number="143" hits="3"/><line number="144" hits="6"/><line number="145" hits="6"/><line number="146" hits="6"/><line number="147" hits="3"/><line number="148" hits="3"/><line number="155" hits="2"/><line number="162" hits="12"/><line number="165" hits="4"/><line number="166" hits="4"/><line number="168" hits="4"/><line number="169" hits="4"/><line number="170" hits="0"/><line number="173" hits="4"/><line number="174" hits="1"/><line number="178" hits="4"/><line number="179" hits="2"/><line number="181" hits="0"/><line number="182" hits="0"/><line number="183" hits="0"/><line number="188" hits="8"/><line number="191" hits="10"/><line number="192" hits="10"/><line number="194" hits="8"/><line number="195" hits="2"/><line number="198" hits="6"/><line number="200" hits="2"/><line number="201" hits="4"/><line number="202" hits="4"/><line number="203" hits="4"/><line number="204" hits="2"/><line number="205" hits="2"/><line number="210" hits="2"/><line number="215" hits="6"/><line number="218" hits="4"/><line number="220" hits="10"/><line number="224" hits="16"/><line number="225" hits="16"/><line number="228" hits="4"/><line number="230" hits="10"/><line number="234" hits="4"/><line number="236" hits="2"/><line number="239" hits="2"/></lines></class><class name="types" filename="crates/core/src/rename/types.rs" line-rate="0.14285714285714285" branch-rate="0" complexity="0"><methods/><lines><line number="85" hits="0"/><line number="86" hits="0"/><line number="87" hits="0"/><line number="96" hits="0"/><line number="97" hits="0"/><line number="101" hits="0"/><line number="102" hits="0"/><line number="103" hits="0"/><line number="110" hits="8"/><line number="111" hits="8"/><line number="145" hits="0"/><line number="146" hits="0"/><line number="150" hits="0"/><line number="151" hits="0"/></lines></class><class name="updater" filename="crates/core/src/rename/updater.rs" line-rate="0.8275862068965517" branch-rate="0" complexity="0"><methods/><lines><line number="13" hits="11"/><line number="14" hits="11"/><line number="16" hits="10"/><line number="18" hits="1"/><line number="19" hits="3"/><line number="20" hits="2"/><line number="22" hits="8"/><line number="27" hits="10"/><line number="28" hits="4"/><line number="29" hits="0"/><line number="30" hits="0"/><line number="31" hits="0"/><line number="33" hits="4"/><line number="38" hits="5"/><line number="39" hits="2"/><line number="40" hits="0"/><line number="41" hits="0"/><line number="42" hits="0"/><line number="44" hits="2"/><line number="49" hits="0"/><line number="50" hits="0"/><line number="51" hits="0"/><line number="52" hits="0"/><line number="53" hits="0"/><line number="54" hits="0"/><line number="56" hits="0"/><line number="61" hits="10"/><line number="62" hits="8"/><line number="63" hits="4"/><line number="69" hits="2"/><line number="75" hits="1"/><line number="76" hits="2"/><line number="78" hits="2"/><line number="79" hits="2"/><line number="81" hits="0"/><line number="86" hits="2"/><line number="88" hits="5"/><line number="89" hits="1"/><line number="90" hits="2"/><line number="92" hits="2"/><line number="93" hits="2"/><line number="94" hits="5"/><line number="95" hits="4"/><line number="96" hits="1"/><line number="99" hits="5"/><line number="101" hits="0"/><line number="104" hits="6"/><line number="105" hits="4"/><line number="107" hits="2"/><line number="111" hits="2"/><line number="112" hits="3"/><line number="114" hits="2"/><line number="115" hits="2"/><line number="118" hits="2"/><line number="125" hits="3"/><line number="131" hits="15"/><line number="132" hits="9"/><line number="134" hits="9"/><line number="136" hits="11"/><line number="137" hits="16"/><line number="140" hits="20"/><line number="141" hits="12"/><line number="145" hits="3"/><line number="152" hits="3"/><line number="159" hits="18"/><line number="160" hits="18"/><line number="163" hits="15"/><line number="164" hits="15"/><line number="167" hits="3"/><line number="168" hits="1"/><line number="169" hits="1"/><line number="170" hits="3"/><line number="175" hits="4"/><line number="176" hits="10"/><line number="177" hits="10"/><line number="180" hits="3"/><line number="181" hits="3"/><line number="182" hits="4"/><line number="184" hits="3"/><line number="185" hits="1"/><line number="189" hits="6"/><line number="190" hits="4"/><line number="194" hits="5"/><line number="195" hits="4"/><line number="196" hits="1"/><line number="199" hits="2"/><line number="202" hits="6"/></lines></class></classes></package><package name="crates/core/src/frontmatter" line-rate="0.8333333333333334" branch-rate="0" complexity="0"><classes><class name="modifier" filename="crates/core/src/frontmatter/modifier.rs" line-rate="0.78125" branch-rate="0" complexity="0"><methods/><lines><line number="23" hits="15"/><line number="29" hits="32"/><line number="30" hits="2"/><line number="32" hits="60"/><line number="34" hits="15"/><line number="35" hits="6"/><line number="36" hits="46"/><line number="37" hits="50"/><line number="38" hits="40"/><line number="41" hits="9"/><line number="42" hits="27"/><line number="43" hits="36"/><line number="48" hits="15"/><line number="52" hits="9"/><line number="57" hits="9"/><line number="59" hits="0"/><line number="60" hits="0"/><line number="61" hits="0"/><line number="65" hits="12"/><line number="66" hits="2"/><line number="67" hits="4"/><line number="68" hits="8"/><line number="70" hits="1"/><line number="72" hits="4"/><line number="74" hits="0"/><line number="78" hits="15"/><line number="79" hits="17"/><line number="81" hits="3"/><line number="82" hits="6"/><line number="83" hits="15"/><line number="84" hits="15"/><line number="86" hits="0"/><line number="87" hits="0"/><line number="89" hits="0"/><line number="93" hits="15"/><line number="94" hits="6"/><line number="95" hits="3"/><line number="97" hits="12"/><line number="98" hits="6"/><line number="100" hits="2"/><line number="101" hits="4"/><line number="102" hits="8"/><line number="103" hits="8"/><line number="105" hits="1"/><line number="106" hits="5"/><line number="108" hits="0"/><line number="112" hits="9"/><line number="116" hits="13"/><line number="117" hits="13"/><line number="118" hits="9"/><line number="119" hits="36"/><line number="120" hits="9"/><line number="123" hits="0"/><line number="124" hits="0"/><line number="125" hits="0"/><line number="126" hits="0"/><line number="128" hits="0"/><line number="129" hits="0"/><line number="131" hits="8"/><line number="136" hits="9"/><line number="137" hits="36"/><line number="138" hits="33"/><line number="139" hits="12"/><line number="140" hits="30"/></lines></class><class name="parser" filename="crates/core/src/frontmatter/parser.rs" line-rate="0.9411764705882353" branch-rate="0" complexity="0"><methods/><lines><line number="22" hits="131"/><line number="23" hits="393"/><line number="26" hits="131"/><line number="27" hits="120"/><line number="31" hits="142"/><line number="34" hits="142"/><line number="36" hits="71"/><line number="37" hits="142"/><line number="40" hits="142"/><line number="41" hits="142"/><line number="44" hits="142"/><line number="45" hits="142"/><line number="47" hits="71"/><line number="48" hits="142"/><line number="52" hits="284"/><line number="53" hits="2"/><line number="55" hits="138"/><line number="58" hits="71"/><line number="61" hits="0"/><line number="66" hits="71"/><line number="68" hits="671"/><line number="69" hits="229"/><line number="71" hits="213"/><line number="73" hits="142"/><line number="74" hits="387"/><line number="76" hits="71"/><line number="79" hits="0"/><line number="85" hits="15"/><line number="88" hits="45"/><line number="90" hits="25"/><line number="92" hits="30"/><line number="93" hits="40"/><line number="94" hits="10"/><line number="96" hits="5"/></lines></class><class name="serializer" filename="crates/core/src/frontmatter/serializer.rs" line-rate="0.8" branch-rate="0" complexity="0"><methods/><lines><line number="8" hits="18"/><line number="9" hits="28"/><line number="10" hits="10"/><line number="12" hits="30"/><line number="13" hits="20"/><line number="15" hits="16"/><line number="19" hits="10"/><line number="20" hits="30"/><line number="24" hits="0"/><line number="25" hits="0"/></lines></class></classes></package><package name="crates/core/src/config" line-rate="0.9814814814814815" branch-rate="0" complexity="0"><classes><class name="loader" filename="crates/core/src/config/loader.rs" line-rate="0.9814814814814815" branch-rate="0" complexity="0"><methods/><lines><line number="36" hits="55"/><line number="40" hits="110"/><line number="41" hits="147"/><line number="42" hits="6"/><line number="45" hits="55"/><line number="46" hits="3"/><line number="49" hits="156"/><line number="50" hits="52"/><line number="52" hits="208"/><line number="53" hits="52"/><line number="55" hits="52"/><line number="56" hits="2"/><line number="58" hits="100"/><line number="59" hits="2"/><line number="62" hits="96"/><line number="63" hits="48"/><line number="64" hits="144"/><line number="65" hits="48"/><line number="67" hits="94"/><line number="68" hits="48"/><line number="69" hits="96"/><line number="70" hits="54"/><line number="72" hits="230"/><line number="73" hits="46"/><line number="76" hits="46"/><line number="81" hits="138"/><line number="82" hits="460"/><line number="84" hits="138"/><line number="85" hits="138"/><line number="86" hits="138"/><line number="87" hits="92"/><line number="88" hits="0"/><line number="89" hits="46"/><line number="92" hits="46"/><line number="93" hits="138"/><line number="94" hits="92"/><line number="95" hits="92"/><line number="96" hits="92"/><line number="97" hits="92"/><line number="98" hits="92"/><line number="99" hits="46"/><line number="104" hits="8"/><line number="105" hits="12"/><line number="106" hits="4"/><line number="108" hits="12"/><line number="109" hits="4"/><line number="114" hits="46"/><line number="115" hits="49"/><line number="116" hits="3"/><line number="118" hits="129"/><line number="119" hits="43"/><line number="122" hits="184"/><line number="123" hits="736"/><line number="124" hits="368"/></lines></class></classes></package></packages></coverage>